<?xml version='1.0' encoding='UTF-8' ?>
<testsuite name="com.example.tutronapp.ComplaintListTest" tests="3" failures="0" errors="0" skipped="0" time="7.619" timestamp="2023-06-25T20:55:27" hostname="localhost">
  <properties>
    <property name="device" value="Pixel_4_XL_API_30(AVD) - 11" />
    <property name="flavor" value="" />
    <property name="project" value=":app" />
  </properties>
  <testcase name="testComplaintListRecyclerViewItemCount" classname="com.example.tutronapp.ComplaintListTest" time="0.785" />
  <testcase name="testComplaintListViewHolderDataBinding" classname="com.example.tutronapp.ComplaintListTest" time="0.062" />
  <testcase name="testComplaintListRecyclerView" classname="com.example.tutronapp.ComplaintListTest" time="1.29" />
</testsuite>